2025-01-02 13:04:35,049 - INFO - Application started
2025-01-02 13:04:51,792 - INFO - Extracting document information from invoices...
2025-01-02 13:04:53,286 - INFO - Found documents in 2412 Invoices.pdf: ['2412-001', '2412-002', '2412-003', '2412-004', '2412-005', '2412-006', '2412-007', '2412-008', '2412-009', '2412-010', '2412-011', '2412-012', '2412-013', '2412-014', '2412-015', '2412-016', '2412-017', '2412-018', '2412-019', '2412-020', '2412-021', '2412-022', '2412-023', '2412-024', '2412-025', '2412-026', '2412-027', '2412-028', '2412-029', '2412-030', '2412-031', '2412-032', '2412-033', '2412-034', '2412-035', '2412-036', '2412-037', '2412-038', '2412-039', '2412-040', '2412-041', '2412-042', '2412-043', '2412-044', '2412-045', '2412-046', '2412-047', '2412-048', '2412-049', '2412-050', '2412-051', '2412-052', '2412-053', '2412-054', '2412-055', '2412-056', '2412-057', '2412-058', '2412-059', '2412-060', '2412-061', '2412-062', '2412-063', '2412-064', '2412-065', '2412-066', '2412-067', '2412-068', '2412-069', '2412-070', '2412-071', '2412-072', '2412-073', '2412-074', '2412-075', '2412-076', '2412-077', '2412-078', '2412-079', '2412-080', '2412-081', '2412-082', '2412-083', '2412-084', '2412-085', '2412-086', '2412-087', '2412-088', '2412-089', '2412-090', '2412-091', '2412-092', '2412-093', '2412-094', '2412-095', '2412-096', '2412-097', '2412-500', '2412-501', '2412-505']
2025-01-02 13:04:53,286 - INFO - Found 100 invoices.
2025-01-02 13:04:53,286 - INFO - Extracting document information from affidavits...
2025-01-02 13:05:05,410 - INFO - Found documents in 2412 Affidavits.pdf: ['2412-001', '2412-002', '2412-003', '2412-004', '2412-005', '2412-006', '2412-007', '2412-008', '2412-009', '2412-010', '2412-011', '2412-012', '2412-013', '2412-014', '2412-015', '2412-016', '2412-017', '2412-018', '2412-019', '2412-020', '2412-021', '2412-022', '2412-023', '2412-024', '2412-025', '2412-026', '2412-027', '2412-028', '2412-029', '2412-030', '2412-031', '2412-032', '2412-033', '2412-034', '2412-035', '2412-036', '2412-037', '2412-038', '2412-039', '2412-040', '2412-041', '2412-042', '2412-043', '2412-044', '2412-045', '2412-046', '2412-047', '2412-048', '2412-049', '2412-050', '2412-051', '2412-052', '2412-053', '2412-054', '2412-055', '2412-056', '2412-057', '2412-058', '2412-059', '2412-060', '2412-061', '2412-062', '2412-063', '2412-064', '2412-065', '2412-066', '2412-067', '2412-068', '2412-069', '2412-070', '2412-071', '2412-072', '2412-073', '2412-074', '2412-075', '2412-076', '2412-077', '2412-078', '2412-079', '2412-080', '2412-081', '2412-082', '2412-083', '2412-084', '2412-085', '2412-086', '2412-087', '2412-088', '2412-089', '2412-090', '2412-091', '2412-092', '2412-093', '2412-094', '2412-095', '2412-096', '2412-500', '2412-501', '2412-505']
2025-01-02 13:05:05,410 - INFO - Found 99 affidavits.
2025-01-02 13:05:05,411 - WARNING - Missing affidavits: 2412-097
2025-01-02 13:05:05,411 - INFO - Merging documents...
2025-01-02 13:05:05,603 - INFO - Processed document 2412-001.
2025-01-02 13:05:05,667 - INFO - Processed document 2412-002.
2025-01-02 13:05:05,732 - INFO - Processed document 2412-003.
2025-01-02 13:05:05,796 - INFO - Processed document 2412-004.
2025-01-02 13:05:05,852 - INFO - Processed document 2412-005.
2025-01-02 13:05:05,906 - INFO - Processed document 2412-006.
2025-01-02 13:05:05,964 - INFO - Processed document 2412-007.
2025-01-02 13:05:06,071 - INFO - Processed document 2412-008.
2025-01-02 13:05:06,140 - INFO - Processed document 2412-009.
2025-01-02 13:05:06,178 - INFO - Processed document 2412-010.
2025-01-02 13:05:06,232 - INFO - Processed document 2412-011.
2025-01-02 13:05:06,273 - INFO - Processed document 2412-012.
2025-01-02 13:05:06,313 - INFO - Processed document 2412-013.
2025-01-02 13:05:06,352 - INFO - Processed document 2412-014.
2025-01-02 13:05:06,403 - INFO - Processed document 2412-015.
2025-01-02 13:05:06,457 - INFO - Processed document 2412-016.
2025-01-02 13:05:06,496 - INFO - Processed document 2412-017.
2025-01-02 13:05:06,550 - INFO - Processed document 2412-018.
2025-01-02 13:05:06,653 - INFO - Processed document 2412-019.
2025-01-02 13:05:06,793 - INFO - Processed document 2412-020.
2025-01-02 13:05:06,867 - INFO - Processed document 2412-021.
2025-01-02 13:05:06,921 - INFO - Processed document 2412-022.
2025-01-02 13:05:06,980 - INFO - Processed document 2412-023.
2025-01-02 13:05:07,047 - INFO - Processed document 2412-024.
2025-01-02 13:05:07,126 - INFO - Processed document 2412-025.
2025-01-02 13:05:07,176 - INFO - Processed document 2412-026.
2025-01-02 13:05:07,230 - INFO - Processed document 2412-027.
2025-01-02 13:05:07,290 - INFO - Processed document 2412-028.
2025-01-02 13:05:07,471 - INFO - Processed document 2412-029.
2025-01-02 13:05:07,698 - INFO - Processed document 2412-030.
2025-01-02 13:05:07,778 - INFO - Processed document 2412-031.
2025-01-02 13:05:07,816 - INFO - Processed document 2412-032.
2025-01-02 13:05:07,959 - INFO - Processed document 2412-033.
2025-01-02 13:05:08,044 - INFO - Processed document 2412-034.
2025-01-02 13:05:08,085 - INFO - Processed document 2412-035.
2025-01-02 13:05:08,148 - INFO - Processed document 2412-036.
2025-01-02 13:05:08,186 - INFO - Processed document 2412-037.
2025-01-02 13:05:08,244 - INFO - Processed document 2412-038.
2025-01-02 13:05:08,299 - INFO - Processed document 2412-039.
2025-01-02 13:05:08,366 - INFO - Processed document 2412-040.
2025-01-02 13:05:08,402 - INFO - Processed document 2412-041.
2025-01-02 13:05:08,517 - INFO - Processed document 2412-042.
2025-01-02 13:05:08,584 - INFO - Processed document 2412-043.
2025-01-02 13:05:08,647 - INFO - Processed document 2412-044.
2025-01-02 13:05:08,803 - INFO - Processed document 2412-045.
2025-01-02 13:05:08,933 - INFO - Processed document 2412-046.
2025-01-02 13:05:09,061 - INFO - Processed document 2412-047.
2025-01-02 13:05:09,370 - INFO - Processed document 2412-048.
2025-01-02 13:05:09,548 - INFO - Processed document 2412-049.
2025-01-02 13:05:09,674 - INFO - Processed document 2412-050.
2025-01-02 13:05:09,793 - INFO - Processed document 2412-051.
2025-01-02 13:05:09,852 - INFO - Processed document 2412-052.
2025-01-02 13:05:09,891 - INFO - Processed document 2412-053.
2025-01-02 13:05:09,998 - INFO - Processed document 2412-054.
2025-01-02 13:05:10,350 - INFO - Processed document 2412-055.
2025-01-02 13:05:10,558 - INFO - Processed document 2412-056.
2025-01-02 13:05:10,809 - INFO - Processed document 2412-057.
2025-01-02 13:05:11,051 - INFO - Processed document 2412-058.
2025-01-02 13:05:11,183 - INFO - Processed document 2412-059.
2025-01-02 13:05:11,310 - INFO - Processed document 2412-060.
2025-01-02 13:05:11,455 - INFO - Processed document 2412-061.
2025-01-02 13:05:11,535 - INFO - Processed document 2412-062.
2025-01-02 13:05:11,755 - INFO - Processed document 2412-063.
2025-01-02 13:05:11,896 - INFO - Processed document 2412-064.
2025-01-02 13:05:12,287 - INFO - Processed document 2412-065.
2025-01-02 13:05:12,378 - INFO - Processed document 2412-066.
2025-01-02 13:05:12,456 - INFO - Processed document 2412-067.
2025-01-02 13:05:12,702 - INFO - Processed document 2412-068.
2025-01-02 13:05:13,177 - INFO - Processed document 2412-069.
2025-01-02 13:05:13,278 - INFO - Processed document 2412-070.
2025-01-02 13:05:13,360 - INFO - Processed document 2412-071.
2025-01-02 13:05:13,479 - INFO - Processed document 2412-072.
2025-01-02 13:05:13,750 - INFO - Processed document 2412-073.
2025-01-02 13:05:13,938 - INFO - Processed document 2412-074.
2025-01-02 13:05:14,316 - INFO - Processed document 2412-075.
2025-01-02 13:05:14,671 - INFO - Processed document 2412-076.
2025-01-02 13:05:15,212 - INFO - Processed document 2412-077.
2025-01-02 13:05:15,486 - INFO - Processed document 2412-078.
2025-01-02 13:05:15,774 - INFO - Processed document 2412-079.
2025-01-02 13:05:16,551 - INFO - Processed document 2412-080.
2025-01-02 13:05:17,338 - INFO - Processed document 2412-081.
2025-01-02 13:05:18,121 - INFO - Processed document 2412-082.
2025-01-02 13:05:18,924 - INFO - Processed document 2412-083.
2025-01-02 13:05:19,283 - INFO - Processed document 2412-084.
2025-01-02 13:05:19,443 - INFO - Processed document 2412-085.
2025-01-02 13:05:19,697 - INFO - Processed document 2412-086.
2025-01-02 13:05:20,115 - INFO - Processed document 2412-087.
2025-01-02 13:05:20,335 - INFO - Processed document 2412-088.
2025-01-02 13:05:20,543 - INFO - Processed document 2412-089.
2025-01-02 13:05:20,626 - INFO - Processed document 2412-090.
2025-01-02 13:05:20,719 - INFO - Processed document 2412-091.
2025-01-02 13:05:20,811 - INFO - Processed document 2412-092.
2025-01-02 13:05:20,917 - INFO - Processed document 2412-093.
2025-01-02 13:05:20,992 - INFO - Processed document 2412-094.
2025-01-02 13:05:21,069 - INFO - Processed document 2412-095.
2025-01-02 13:05:21,207 - INFO - Processed document 2412-096.
2025-01-02 13:05:21,272 - INFO - Processed document 2412-500.
2025-01-02 13:05:21,328 - INFO - Processed document 2412-501.
2025-01-02 13:05:21,371 - INFO - Processed document 2412-505.
2025-01-02 13:05:21,372 - INFO - Processing complete! Output files are in the '2412_output' directory.
